<?xml version="1.0" encoding="UTF-8"?>
<!-- Generated by org.testng.reporters.JUnitReportReporter -->
<testsuite skipped="0" hostname="Amr-PC" name="AccountTest" tests="3" failures="0" timestamp="10 Mar 2017 23:54:37 GMT" time="0.093" errors="0">
  <testcase name="ShowScore" time="0.004" classname="AccountTest"/>
  <testcase name="ShowScore" time="0.084" classname="AccountTest"/>
  <testcase name="ShowScore" time="0.005" classname="AccountTest"/>
</testsuite> <!-- AccountTest -->
