<?xml version="1.0" encoding="UTF-8"?>
<!-- Generated by org.testng.reporters.JUnitReportReporter -->
<testsuite skipped="0" hostname="Amr-PC" name="TOFTest" tests="1" failures="0" timestamp="11 Mar 2017 07:35:16 GMT" time="0.086" errors="0">
  <testcase name="WriteGameTest" time="0.086" classname="TOFTest"/>
</testsuite> <!-- TOFTest -->
